<?xml version="1.0" encoding="UTF-8" ?>
<testsuite tests="7" failures="0" name="com.yiwen.MyBatisTest" time="1.009" errors="0" skipped="0">
  <properties>
[...]
</properties>
  <testcase classname="com.yiwen.MyBatisTest" name="testDeleteByIDs" time="0.758"/>
  <testcase classname="com.yiwen.MyBatisTest" name="testAdd" time="0.052"/>
  <testcase classname="com.yiwen.MyBatisTest" name="testDeleteByID" time="0.034"/>
  <testcase classname="com.yiwen.MyBatisTest" name="testSelectByCondiation" time="0.055"/>
  <testcase classname="com.yiwen.MyBatisTest" name="testUpdate" time="0.039"/>
  <testcase classname="com.yiwen.MyBatisTest" name="testSeletAll" time="0.035"/>
  <testcase classname="com.yiwen.MyBatisTest" name="testSelectById" time="0.036"/>
</testsuite>